\BOOKMARK [-1][-]{part.1}{\376\377\000I\000\040\000P\000r\000e\000s\000e\000n\000t\000a\000c\000i\000\363\000n}{}% 1
\BOOKMARK [0][-]{chapter.1}{\376\377\000I\000n\000t\000r\000o\000d\000u\000c\000c\000i\000\363\000n}{part.1}% 2
\BOOKMARK [1][-]{section.1.1}{\376\377\000C\000o\000n\000t\000e\000x\000t\000o\000\040\000d\000e\000l\000\040\000p\000r\000o\000b\000l\000e\000m\000a\000\040\000a\000\040\000r\000e\000s\000o\000l\000v\000e\000r}{chapter.1}% 3
\BOOKMARK [1][-]{section.1.2}{\376\377\000D\000e\000f\000i\000n\000i\000c\000i\000\363\000n\000\040\000d\000e\000l\000\040\000p\000r\000o\000b\000l\000e\000m\000a\000\040\000r\000e\000a\000l}{chapter.1}% 4
\BOOKMARK [1][-]{section.1.3}{\376\377\000D\000e\000f\000i\000n\000i\000c\000i\000\363\000n\000\040\000d\000e\000l\000\040\000p\000r\000o\000b\000l\000e\000m\000a\000\040\000t\000\351\000c\000n\000i\000c\000o}{chapter.1}% 5
\BOOKMARK [2][-]{subsection.1.3.1}{\376\377\000F\000u\000n\000c\000i\000o\000n\000a\000m\000i\000e\000n\000t\000o}{section.1.3}% 6
\BOOKMARK [2][-]{subsection.1.3.2}{\376\377\000E\000n\000t\000o\000r\000n\000o}{section.1.3}% 7
\BOOKMARK [2][-]{subsection.1.3.3}{\376\377\000V\000i\000d\000a\000\040\000e\000s\000p\000e\000r\000a\000d\000a}{section.1.3}% 8
\BOOKMARK [2][-]{subsection.1.3.4}{\376\377\000C\000i\000c\000l\000o\000\040\000d\000e\000\040\000m\000a\000n\000t\000e\000n\000i\000m\000i\000e\000n\000t\000o}{section.1.3}% 9
\BOOKMARK [2][-]{subsection.1.3.5}{\376\377\000C\000o\000m\000p\000e\000t\000e\000n\000c\000i\000a}{section.1.3}% 10
\BOOKMARK [2][-]{subsection.1.3.6}{\376\377\000A\000s\000p\000e\000c\000t\000o\000\040\000e\000x\000t\000e\000r\000n\000o}{section.1.3}% 11
\BOOKMARK [2][-]{subsection.1.3.7}{\376\377\000E\000s\000t\000a\000n\000d\000a\000r\000i\000z\000a\000c\000i\000\363\000n}{section.1.3}% 12
\BOOKMARK [2][-]{subsection.1.3.8}{\376\377\000C\000a\000l\000i\000d\000a\000d\000\040\000y\000\040\000f\000i\000a\000b\000i\000l\000i\000d\000a\000d}{section.1.3}% 13
\BOOKMARK [2][-]{subsection.1.3.9}{\376\377\000P\000r\000o\000g\000r\000a\000m\000a\000\040\000d\000e\000\040\000t\000a\000r\000e\000a\000s}{section.1.3}% 14
\BOOKMARK [2][-]{subsection.1.3.10}{\376\377\000P\000r\000u\000e\000b\000a\000s}{section.1.3}% 15
\BOOKMARK [2][-]{subsection.1.3.11}{\376\377\000S\000e\000g\000u\000r\000i\000d\000a\000d}{section.1.3}% 16
\BOOKMARK [0][-]{chapter.2}{\376\377\000O\000b\000j\000e\000t\000i\000v\000o\000s}{part.1}% 17
\BOOKMARK [1][-]{section.2.1}{\376\377\000O\000b\000j\000e\000t\000i\000v\000o\000\040\000p\000r\000i\000n\000c\000i\000p\000a\000l}{chapter.2}% 18
\BOOKMARK [1][-]{section.2.2}{\376\377\000O\000b\000j\000e\000t\000i\000v\000o\000s\000\040\000e\000s\000p\000e\000c\000\355\000f\000i\000c\000o\000s}{chapter.2}% 19
\BOOKMARK [1][-]{section.2.3}{\376\377\000O\000b\000j\000e\000t\000i\000v\000o\000s\000\040\000p\000e\000r\000s\000o\000n\000a\000l\000e\000s}{chapter.2}% 20
\BOOKMARK [0][-]{chapter.3}{\376\377\000R\000e\000c\000u\000r\000s\000o\000s}{part.1}% 21
\BOOKMARK [1][-]{section.3.1}{\376\377\000R\000e\000c\000u\000r\000s\000o\000s\000\040\000h\000u\000m\000a\000n\000o\000s}{chapter.3}% 22
\BOOKMARK [1][-]{section.3.2}{\376\377\000R\000e\000c\000u\000r\000s\000o\000s\000\040\000d\000e\000\040\000h\000a\000r\000d\000w\000a\000r\000e}{chapter.3}% 23
\BOOKMARK [1][-]{section.3.3}{\376\377\000R\000e\000c\000u\000r\000s\000o\000s\000\040\000d\000e\000\040\000s\000o\000f\000t\000w\000a\000r\000e}{chapter.3}% 24
\BOOKMARK [-1][-]{part.2}{\376\377\000I\000I\000\040\000C\000o\000n\000t\000e\000x\000t\000u\000a\000l\000i\000z\000a\000c\000i\000\363\000n\000\040\000e\000m\000p\000r\000e\000s\000a\000r\000i\000a\000l}{}% 25
\BOOKMARK [0][-]{chapter.4}{\376\377\000C\000O\000N\000T\000E\000X\000T\000U\000A\000L\000I\000Z\000A\000C\000I\000\323\000N\000\040\000E\000M\000P\000R\000E\000S\000A\000R\000I\000A\000L}{part.2}% 26
\BOOKMARK [1][-]{section.4.1}{\376\377\000D\000e\000n\000o\000m\000i\000n\000a\000c\000i\000\363\000n}{chapter.4}% 27
\BOOKMARK [1][-]{section.4.2}{\376\377\000J\000u\000s\000t\000i\000f\000i\000c\000a\000c\000i\000\363\000n\000\040\000d\000e\000\040\000l\000a\000\040\000i\000d\000e\000a\000\040\000d\000e\000l\000\040\000p\000r\000o\000y\000e\000c\000t\000o}{chapter.4}% 28
\BOOKMARK [1][-]{section.4.3}{\376\377\000E\000s\000t\000u\000d\000i\000o\000\040\000d\000e\000\040\000l\000a\000\040\000c\000o\000m\000p\000e\000t\000e\000n\000c\000i\000a}{chapter.4}% 29
\BOOKMARK [1][-]{section.4.4}{\376\377\000O\000p\000o\000r\000t\000u\000n\000i\000d\000a\000d\000\040\000d\000e\000\040\000n\000e\000g\000o\000c\000i\000o}{chapter.4}% 30
\BOOKMARK [1][-]{section.4.5}{\376\377\000O\000b\000l\000i\000g\000a\000c\000i\000o\000n\000e\000s\000\040\000f\000i\000s\000c\000a\000l\000e\000s}{chapter.4}% 31
\BOOKMARK [1][-]{section.4.6}{\376\377\000F\000i\000n\000a\000n\000c\000i\000a\000c\000i\000\363\000n\000,\000\040\000a\000y\000u\000d\000a\000s\000\040\000y\000\040\000s\000u\000b\000v\000e\000n\000c\000i\000o\000n\000e\000s}{chapter.4}% 32
\BOOKMARK [-1][-]{part.3}{\376\377\000I\000I\000I\000\040\000A\000n\000\341\000l\000i\000s\000i\000s}{}% 33
\BOOKMARK [0][-]{chapter.5}{\376\377\000E\000s\000p\000e\000c\000i\000f\000i\000c\000a\000c\000i\000\363\000n\000\040\000d\000e\000\040\000r\000e\000q\000u\000i\000s\000i\000t\000o\000s}{part.3}% 34
\BOOKMARK [1][-]{section.5.1}{\376\377\000I\000n\000t\000r\000o\000d\000u\000c\000c\000i\000\363\000n}{chapter.5}% 35
\BOOKMARK [1][-]{section.5.2}{\376\377\000A\000c\000t\000o\000r\000e\000s\000\040\000d\000e\000l\000\040\000s\000i\000s\000t\000e\000m\000a}{chapter.5}% 36
\BOOKMARK [1][-]{section.5.3}{\376\377\000M\000\363\000d\000u\000l\000o\000s\000\040\000d\000e\000\040\000l\000a\000\040\000a\000p\000l\000i\000c\000a\000c\000i\000\363\000n}{chapter.5}% 37
\BOOKMARK [2][-]{subsection.5.3.1}{\376\377\000M\000\363\000d\000u\000l\000o\000\040\000d\000e\000l\000\040\000u\000s\000u\000a\000r\000i\000o\000\040\000d\000e\000\040\000c\000o\000n\000s\000u\000l\000t\000a}{section.5.3}% 38
\BOOKMARK [2][-]{subsection.5.3.2}{\376\377\000M\000\363\000d\000u\000l\000o\000\040\000d\000e\000l\000\040\000a\000d\000m\000i\000n\000i\000s\000t\000r\000a\000d\000o\000r}{section.5.3}% 39
\BOOKMARK [1][-]{section.5.4}{\376\377\000R\000e\000q\000u\000i\000s\000i\000t\000o\000s\000\040\000d\000e\000l\000\040\000s\000i\000s\000t\000e\000m\000a}{chapter.5}% 40
\BOOKMARK [2][-]{subsection.5.4.1}{\376\377\000R\000e\000q\000u\000i\000s\000i\000t\000o\000s\000\040\000f\000u\000n\000c\000i\000o\000n\000a\000l\000e\000s}{section.5.4}% 41
\BOOKMARK [2][-]{subsection.5.4.2}{\376\377\000R\000e\000q\000u\000i\000s\000i\000t\000o\000s\000\040\000n\000o\000\040\000f\000u\000n\000c\000i\000o\000n\000a\000l\000e\000s}{section.5.4}% 42
\BOOKMARK [2][-]{subsection.5.4.3}{\376\377\000R\000e\000q\000u\000i\000s\000i\000t\000o\000s\000\040\000d\000e\000\040\000l\000a\000\040\000i\000n\000t\000e\000r\000f\000a\000z}{section.5.4}% 43
\BOOKMARK [2][-]{subsection.5.4.4}{\376\377\000R\000e\000q\000u\000i\000s\000i\000t\000o\000s\000\040\000d\000e\000\040\000i\000n\000f\000o\000r\000m\000a\000c\000i\000\363\000n}{section.5.4}% 44
\BOOKMARK [0][-]{chapter.6}{\376\377\000M\000o\000d\000e\000l\000o\000\040\000d\000e\000\040\000d\000a\000t\000o\000s}{part.3}% 45
\BOOKMARK [1][-]{section.6.1}{\376\377\000I\000n\000t\000r\000o\000d\000u\000c\000c\000i\000\363\000n}{chapter.6}% 46
\BOOKMARK [1][-]{section.6.2}{\376\377\000T\000i\000p\000o\000s\000\040\000d\000e\000\040\000e\000n\000t\000i\000d\000a\000d}{chapter.6}% 47
\BOOKMARK [2][-]{subsection.6.2.1}{\376\377\000E\000n\000t\000i\000d\000a\000d\000\040\000U\000s\000u\000a\000r\000i\000o}{section.6.2}% 48
\BOOKMARK [2][-]{subsection.6.2.2}{\376\377\000E\000n\000t\000i\000d\000a\000d\000\040\000T\000r\000a\000b\000a\000j\000a\000d\000o\000r}{section.6.2}% 49
\BOOKMARK [2][-]{subsection.6.2.3}{\376\377\000E\000n\000t\000i\000d\000a\000d\000\040\000E\000s\000p\000e\000c\000i\000a\000l\000i\000d\000a\000d}{section.6.2}% 50
\BOOKMARK [2][-]{subsection.6.2.4}{\376\377\000E\000n\000t\000i\000d\000a\000d\000\040\000G\000u\000a\000r\000d\000i\000a}{section.6.2}% 51
\BOOKMARK [2][-]{subsection.6.2.5}{\376\377\000E\000n\000t\000i\000d\000a\000d\000\040\000F\000i\000c\000h\000a\000j\000e}{section.6.2}% 52
\BOOKMARK [2][-]{subsection.6.2.6}{\376\377\000E\000n\000t\000i\000d\000a\000d\000\040\000I\000n\000t\000e\000r\000c\000a\000m\000b\000i\000o}{section.6.2}% 53
\BOOKMARK [2][-]{subsection.6.2.7}{\376\377\000E\000n\000t\000i\000d\000a\000d\000\040\000N\000o\000t\000i\000f\000i\000c\000a\000c\000i\000\363\000n}{section.6.2}% 54
\BOOKMARK [1][-]{section.6.3}{\376\377\000T\000i\000p\000o\000s\000\040\000d\000e\000\040\000i\000n\000t\000e\000r\000r\000e\000l\000a\000c\000i\000\363\000n}{chapter.6}% 55
\BOOKMARK [2][-]{subsection.6.3.1}{\376\377\000I\000n\000t\000e\000r\000r\000e\000l\000a\000c\000i\000\363\000n\000\040\000T\000r\000a\000b\000a\000j\000a\000d\000o\000r\000\040\040\023\000\040\000F\000i\000c\000h\000a\000j\000e}{section.6.3}% 56
\BOOKMARK [2][-]{subsection.6.3.2}{\376\377\000I\000n\000t\000e\000r\000r\000e\000l\000a\000c\000i\000\363\000n\000\040\000G\000u\000a\000r\000d\000i\000a\000\040\040\023\000\040\000I\000n\000t\000e\000r\000c\000a\000m\000b\000i\000o}{section.6.3}% 57
\BOOKMARK [2][-]{subsection.6.3.3}{\376\377\000I\000n\000t\000e\000r\000r\000e\000l\000a\000c\000i\000\363\000n\000\040\000U\000s\000u\000a\000r\000i\000o\000\040\040\023\000\040\000N\000o\000t\000i\000f\000i\000c\000a\000c\000i\000\363\000n}{section.6.3}% 58
\BOOKMARK [2][-]{subsection.6.3.4}{\376\377\000I\000n\000t\000e\000r\000r\000e\000l\000a\000c\000i\000\363\000n\000\040\000U\000s\000u\000a\000r\000i\000o\000\040\040\023\000\040\000T\000r\000a\000b\000a\000j\000a\000d\000o\000r}{section.6.3}% 59
\BOOKMARK [2][-]{subsection.6.3.5}{\376\377\000I\000n\000t\000e\000r\000r\000e\000l\000a\000c\000i\000\363\000n\000\040\000T\000r\000a\000b\000a\000j\000a\000d\000o\000r\000\040\040\023\000\040\000E\000s\000p\000e\000c\000i\000a\000l\000i\000d\000a\000d}{section.6.3}% 60
\BOOKMARK [2][-]{subsection.6.3.6}{\376\377\000I\000n\000t\000e\000r\000r\000e\000l\000a\000c\000i\000\363\000n\000\040\000G\000u\000a\000r\000d\000i\000a\000\040\040\023\000\040\000E\000s\000p\000e\000c\000i\000a\000l\000i\000d\000a\000d}{section.6.3}% 61
\BOOKMARK [2][-]{subsection.6.3.7}{\376\377\000I\000n\000t\000e\000r\000r\000e\000l\000a\000c\000i\000\363\000n\000\040\000G\000u\000a\000r\000d\000i\000a\000\040\040\023\000\040\000T\000r\000a\000b\000a\000j\000a\000d\000o\000r\000\040\000\050\000A\000s\000i\000g\000n\000a\000c\000i\000\363\000n\000\051}{section.6.3}% 62
\BOOKMARK [2][-]{subsection.6.3.8}{\376\377\000I\000n\000t\000e\000r\000r\000e\000l\000a\000c\000i\000\363\000n\000\040\000G\000u\000a\000r\000d\000i\000a\000\040\040\023\000\040\000T\000r\000a\000b\000a\000j\000a\000d\000o\000r\000\040\000\050\000J\000e\000f\000a\000t\000u\000r\000a\000\051}{section.6.3}% 63
\BOOKMARK [1][-]{section.6.4}{\376\377\000D\000i\000a\000g\000r\000a\000m\000a\000\040\000d\000e\000l\000\040\000M\000o\000d\000e\000l\000o\000\040\000E\000n\000t\000i\000d\000a\000d\000-\000I\000n\000t\000e\000r\000r\000e\000l\000a\000c\000i\000\363\000n}{chapter.6}% 64
\BOOKMARK [0][-]{chapter.7}{\376\377\000A\000n\000\341\000l\000i\000s\000i\000s\000\040\000f\000u\000n\000c\000i\000o\000n\000a\000l}{part.3}% 65
\BOOKMARK [1][-]{section.7.1}{\376\377\000I\000n\000t\000r\000o\000d\000u\000c\000c\000i\000\363\000n}{chapter.7}% 66
\BOOKMARK [1][-]{section.7.2}{\376\377\000A\000c\000t\000o\000r\000e\000s\000\040\000d\000e\000l\000\040\000S\000i\000s\000t\000e\000m\000a}{chapter.7}% 67
\BOOKMARK [1][-]{section.7.3}{\376\377\000R\000e\000s\000u\000m\000e\000n\000\040\000d\000e\000\040\000C\000a\000s\000o\000s\000\040\000d\000e\000\040\000U\000s\000o}{chapter.7}% 68
\BOOKMARK [1][-]{section.7.4}{\376\377\000D\000e\000t\000a\000l\000l\000e\000\040\000d\000e\000\040\000C\000a\000s\000o\000s\000\040\000d\000e\000\040\000U\000s\000o}{chapter.7}% 69
\BOOKMARK [2][-]{subsection.7.4.1}{\376\377\000G\000e\000s\000t\000i\000\363\000n\000\040\000d\000e\000\040\000A\000u\000t\000e\000n\000t\000i\000c\000a\000c\000i\000\363\000n}{section.7.4}% 70
\BOOKMARK [2][-]{subsection.7.4.2}{\376\377\000G\000e\000s\000t\000i\000\363\000n\000\040\000d\000e\000\040\000I\000n\000t\000e\000r\000c\000a\000m\000b\000i\000o\000s\000\040\000\050\000F\000l\000u\000j\000o\000\040\000C\000r\000\355\000t\000i\000c\000o\000\051}{section.7.4}% 71
\BOOKMARK [2][-]{subsection.7.4.3}{\376\377\000C\000o\000n\000t\000r\000o\000l\000\040\000d\000e\000\040\000P\000r\000e\000s\000e\000n\000c\000i\000a}{section.7.4}% 72
\BOOKMARK [2][-]{subsection.7.4.4}{\376\377\000G\000e\000s\000t\000i\000\363\000n\000\040\000A\000d\000m\000i\000n\000i\000s\000t\000r\000a\000t\000i\000v\000a}{section.7.4}% 73
\BOOKMARK [1][-]{section.7.5}{\376\377\000D\000i\000a\000g\000r\000a\000m\000a\000s\000\040\000d\000e\000\040\000S\000e\000c\000u\000e\000n\000c\000i\000a}{chapter.7}% 74
\BOOKMARK [2][-]{subsection.7.5.1}{\376\377\000A\000u\000t\000e\000n\000t\000i\000c\000a\000c\000i\000\363\000n}{section.7.5}% 75
\BOOKMARK [2][-]{subsection.7.5.2}{\376\377\000G\000e\000s\000t\000i\000\363\000n\000\040\000d\000e\000\040\000U\000s\000u\000a\000r\000i\000o\000s}{section.7.5}% 76
\BOOKMARK [2][-]{subsection.7.5.3}{\376\377\000G\000e\000s\000t\000i\000\363\000n\000\040\000d\000e\000\040\000E\000s\000p\000e\000c\000i\000a\000l\000i\000d\000a\000d\000e\000s}{section.7.5}% 77
\BOOKMARK [2][-]{subsection.7.5.4}{\376\377\000F\000l\000u\000j\000o\000s\000\040\000C\000o\000m\000p\000l\000e\000j\000o\000s}{section.7.5}% 78
\BOOKMARK [-1][-]{part.4}{\376\377\000I\000V\000\040\000D\000i\000s\000e\000\361\000o}{}% 79
\BOOKMARK [0][-]{chapter.8}{\376\377\000D\000i\000s\000e\000\361\000o\000\040\000d\000e\000\040\000d\000a\000t\000o\000s}{part.4}% 80
\BOOKMARK [1][-]{section.8.1}{\376\377\000I\000n\000t\000r\000o\000d\000u\000c\000c\000i\000\363\000n}{chapter.8}% 81
\BOOKMARK [1][-]{section.8.2}{\376\377\000M\000o\000d\000e\000l\000o\000\040\000R\000e\000l\000a\000c\000i\000o\000n\000a\000l}{chapter.8}% 82
\BOOKMARK [2][-]{subsection.8.2.1}{\376\377\000T\000a\000b\000l\000a\000\040\000U\000s\000u\000a\000r\000i\000o}{section.8.2}% 83
\BOOKMARK [1][-]{section.8.3}{\376\377\000N\000o\000r\000m\000a\000l\000i\000z\000a\000c\000i\000\363\000n\000\040\000d\000e\000l\000\040\000m\000o\000d\000e\000l\000o}{chapter.8}% 84
\BOOKMARK [2][-]{subsection.8.3.1}{\376\377\000T\000a\000b\000l\000a\000\040\000U\000s\000u\000a\000r\000i\000o}{section.8.3}% 85
\BOOKMARK [2][-]{subsection.8.3.2}{\376\377\000T\000a\000b\000l\000a\000\040\000T\000r\000a\000b\000a\000j\000a\000d\000o\000r}{section.8.3}% 86
\BOOKMARK [2][-]{subsection.8.3.3}{\376\377\000T\000a\000b\000l\000a\000\040\000T\000r\000a\000b\000a\000j\000a\000d\000o\000r}{section.8.3}% 87
\BOOKMARK [2][-]{subsection.8.3.4}{\376\377\000T\000a\000b\000l\000a\000\040\000E\000s\000p\000e\000c\000i\000a\000l\000i\000d\000a\000d}{section.8.3}% 88
\BOOKMARK [2][-]{subsection.8.3.5}{\376\377\000T\000a\000b\000l\000a\000\040\000E\000s\000p\000e\000c\000i\000a\000l\000i\000d\000a\000d}{section.8.3}% 89
\BOOKMARK [2][-]{subsection.8.3.6}{\376\377\000T\000a\000b\000l\000a\000\040\000G\000u\000a\000r\000d\000i\000a}{section.8.3}% 90
\BOOKMARK [2][-]{subsection.8.3.7}{\376\377\000T\000a\000b\000l\000a\000\040\000G\000u\000a\000r\000d\000i\000a}{section.8.3}% 91
\BOOKMARK [2][-]{subsection.8.3.8}{\376\377\000T\000a\000b\000l\000a\000\040\000F\000i\000c\000h\000a\000j\000e}{section.8.3}% 92
\BOOKMARK [2][-]{subsection.8.3.9}{\376\377\000T\000a\000b\000l\000a\000\040\000I\000n\000t\000e\000r\000c\000a\000m\000b\000i\000o\000\040\000d\000e\000\040\000G\000u\000a\000r\000d\000i\000a}{section.8.3}% 93
\BOOKMARK [2][-]{subsection.8.3.10}{\376\377\000T\000a\000b\000l\000a\000\040\000N\000o\000t\000i\000f\000i\000c\000a\000c\000i\000\363\000n}{section.8.3}% 94
\BOOKMARK [1][-]{section.8.4}{\376\377\000E\000s\000q\000u\000e\000m\000a\000\040\000r\000e\000l\000a\000c\000i\000o\000n\000a\000l}{chapter.8}% 95
\BOOKMARK [1][-]{section.8.5}{\376\377\000D\000i\000a\000g\000r\000a\000m\000a\000\040\000r\000e\000l\000a\000c\000i\000o\000n\000a\000l}{chapter.8}% 96
\BOOKMARK [0][-]{chapter.9}{\376\377\000D\000i\000s\000e\000\361\000o\000\040\000a\000r\000q\000u\000i\000t\000e\000c\000t\000\363\000n\000i\000c\000o}{part.4}% 97
\BOOKMARK [1][-]{section.9.1}{\376\377\000I\000n\000t\000r\000o\000d\000u\000c\000c\000i\000\363\000n}{chapter.9}% 98
\BOOKMARK [1][-]{section.9.2}{\376\377\000M\000o\000d\000e\000l\000o\000\040\000d\000e\000\040\000A\000r\000q\000u\000i\000t\000e\000c\000t\000u\000r\000a}{chapter.9}% 99
\BOOKMARK [1][-]{section.9.3}{\376\377\000T\000e\000c\000n\000o\000l\000o\000g\000\355\000a\000s\000\040\000U\000t\000i\000l\000i\000z\000a\000d\000a\000s}{chapter.9}% 100
\BOOKMARK [1][-]{section.9.4}{\376\377\000E\000s\000t\000r\000u\000c\000t\000u\000r\000a\000\040\000y\000\040\000O\000r\000g\000a\000n\000i\000z\000a\000c\000i\000\363\000n}{chapter.9}% 101
\BOOKMARK [2][-]{subsection.9.4.1}{\376\377\000O\000r\000g\000a\000n\000i\000z\000a\000c\000i\000\363\000n\000\040\000d\000e\000l\000\040\000B\000a\000c\000k\000e\000n\000d\000\040\000\050\000L\000a\000r\000a\000v\000e\000l\000\051}{section.9.4}% 102
\BOOKMARK [2][-]{subsection.9.4.2}{\376\377\000O\000r\000g\000a\000n\000i\000z\000a\000c\000i\000\363\000n\000\040\000d\000e\000l\000\040\000F\000r\000o\000n\000t\000e\000n\000d\000\040\000\050\000R\000e\000a\000c\000t\000\051}{section.9.4}% 103
\BOOKMARK [1][-]{section.9.5}{\376\377\000D\000i\000a\000g\000r\000a\000m\000a\000\040\000A\000r\000q\000u\000i\000t\000e\000c\000t\000\363\000n\000i\000c\000o}{chapter.9}% 104
\BOOKMARK [0][-]{chapter.10}{\376\377\000D\000i\000s\000e\000\361\000o\000\040\000d\000e\000\040\000l\000a\000\040\000i\000n\000t\000e\000r\000f\000a\000z}{part.4}% 105
\BOOKMARK [1][-]{section.10.1}{\376\377\000I\000n\000t\000r\000o\000d\000u\000c\000c\000i\000\363\000n}{chapter.10}% 106
\BOOKMARK [1][-]{section.10.2}{\376\377\000P\000r\000i\000n\000c\000i\000p\000i\000o\000s\000\040\000d\000e\000\040\000D\000i\000s\000e\000\361\000o\000\040\000\050\000U\000I\000/\000U\000X\000\051}{chapter.10}% 107
\BOOKMARK [1][-]{section.10.3}{\376\377\000D\000e\000s\000c\000r\000i\000p\000c\000i\000\363\000n\000\040\000d\000e\000\040\000l\000a\000s\000\040\000V\000i\000s\000t\000a\000s\000\040\000P\000r\000i\000n\000c\000i\000p\000a\000l\000e\000s}{chapter.10}% 108
\BOOKMARK [2][-]{subsection.10.3.1}{\376\377\000A\000c\000c\000e\000s\000o\000\040\000a\000l\000\040\000S\000i\000s\000t\000e\000m\000a}{section.10.3}% 109
\BOOKMARK [2][-]{subsection.10.3.2}{\376\377\000B\000a\000n\000d\000e\000j\000a\000\040\000d\000e\000\040\000S\000o\000l\000i\000c\000i\000t\000u\000d\000e\000s\000\040\000\050\000R\000e\000q\000u\000e\000s\000t\000s\000\040\000I\000n\000b\000o\000x\000\051}{section.10.3}% 110
\BOOKMARK [2][-]{subsection.10.3.3}{\376\377\000P\000a\000n\000e\000l\000\040\000P\000r\000i\000n\000c\000i\000p\000a\000l\000\040\000y\000\040\000C\000a\000l\000e\000n\000d\000a\000r\000i\000o}{section.10.3}% 111
\BOOKMARK [2][-]{subsection.10.3.4}{\376\377\000G\000e\000s\000t\000i\000\363\000n\000\040\000A\000d\000m\000i\000n\000i\000s\000t\000r\000a\000t\000i\000v\000a}{section.10.3}% 112
\BOOKMARK [2][-]{subsection.10.3.5}{\376\377\000G\000e\000s\000t\000i\000\363\000n\000\040\000d\000e\000\040\000I\000n\000t\000e\000r\000c\000a\000m\000b\000i\000o\000s\000\040\000y\000\040\000P\000e\000r\000f\000i\000l}{section.10.3}% 113
\BOOKMARK [1][-]{section.10.4}{\376\377\000G\000u\000\355\000a\000\040\000d\000e\000\040\000E\000s\000t\000i\000l\000o\000s}{chapter.10}% 114
\BOOKMARK [-1][-]{part.5}{\376\377\000V\000\040\000P\000r\000u\000e\000b\000a\000s}{}% 115
\BOOKMARK [0][-]{chapter.11}{\376\377\000P\000r\000u\000e\000b\000a\000s}{part.5}% 116
\BOOKMARK [1][-]{section.11.1}{\376\377\000I\000n\000t\000r\000o\000d\000u\000c\000c\000i\000\363\000n}{chapter.11}% 117
\BOOKMARK [1][-]{section.11.2}{\376\377\000E\000s\000t\000r\000a\000t\000e\000g\000i\000a\000\040\000d\000e\000\040\000P\000r\000u\000e\000b\000a\000s}{chapter.11}% 118
\BOOKMARK [1][-]{section.11.3}{\376\377\000P\000l\000a\000n\000\040\000d\000e\000\040\000P\000r\000u\000e\000b\000a\000s\000\040\000F\000u\000n\000c\000i\000o\000n\000a\000l\000e\000s}{chapter.11}% 119
\BOOKMARK [1][-]{section.11.4}{\376\377\000P\000r\000u\000e\000b\000a\000s\000\040\000d\000e\000\040\000l\000a\000\040\000A\000P\000I\000\040\000\050\000B\000a\000c\000k\000e\000n\000d\000\051}{chapter.11}% 120
\BOOKMARK [1][-]{section.11.5}{\376\377\000P\000r\000u\000e\000b\000a\000s\000\040\000d\000e\000\040\000U\000s\000u\000a\000r\000i\000o\000\040\000\050\000A\000c\000e\000p\000t\000a\000c\000i\000\363\000n\000\051}{chapter.11}% 121
\BOOKMARK [-1][-]{part.6}{\376\377\000V\000I\000\040\000C\000o\000n\000c\000l\000u\000s\000i\000o\000n\000e\000s\000\040\000y\000\040\000f\000u\000t\000u\000r\000a\000s\000\040\000m\000e\000j\000o\000r\000a\000s}{}% 122
\BOOKMARK [0][-]{chapter.12}{\376\377\000C\000o\000n\000c\000l\000u\000s\000i\000o\000n\000e\000s}{part.6}% 123
\BOOKMARK [1][-]{section.12.1}{\376\377\000R\000e\000s\000u\000m\000e\000n\000\040\000d\000e\000l\000\040\000P\000r\000o\000y\000e\000c\000t\000o}{chapter.12}% 124
\BOOKMARK [1][-]{section.12.2}{\376\377\000O\000b\000j\000e\000t\000i\000v\000o\000s\000\040\000A\000l\000c\000a\000n\000z\000a\000d\000o\000s}{chapter.12}% 125
\BOOKMARK [1][-]{section.12.3}{\376\377\000V\000a\000l\000o\000r\000a\000c\000i\000\363\000n\000\040\000P\000e\000r\000s\000o\000n\000a\000l}{chapter.12}% 126
\BOOKMARK [0][-]{chapter.13}{\376\377\000F\000u\000t\000u\000r\000a\000s\000\040\000m\000e\000j\000o\000r\000a\000s}{part.6}% 127
\BOOKMARK [1][-]{section.13.1}{\376\377\000I\000n\000t\000r\000o\000d\000u\000c\000c\000i\000\363\000n}{chapter.13}% 128
\BOOKMARK [1][-]{section.13.2}{\376\377\000P\000r\000o\000p\000u\000e\000s\000t\000a\000s\000\040\000d\000e\000\040\000E\000v\000o\000l\000u\000c\000i\000\363\000n}{chapter.13}% 129
\BOOKMARK [1][-]{section.13.3}{\376\377\000E\000s\000c\000a\000l\000a\000b\000i\000l\000i\000d\000a\000d}{chapter.13}% 130
\BOOKMARK [0][-]{chapter.14}{\376\377\000A\000N\000E\000X\000O\000S}{part.6}% 131
\BOOKMARK [0][-]{chapter.14}{\376\377\000B\000I\000B\000L\000I\000O\000G\000R\000A\000F\000\315\000A}{part.6}% 132
\BOOKMARK [0][-]{chapter.15}{\376\377\000R\000E\000A\000D\000M\000E\000\040\000\050\000B\000O\000R\000R\000A\000R\000\040\000E\000N\000\040\000E\000L\000\040\000m\000a\000i\000n\000.\000t\000e\000x\000\051}{part.6}% 133
\BOOKMARK [1][-]{section.15.1}{\376\377\000E\000j\000e\000m\000p\000l\000o\000s\000\040\000u\000s\000o\000\040\000O\000v\000e\000r\000l\000e\000a\000f\000\040\000c\000o\000m\000u\000n\000e\000s}{chapter.15}% 134
\BOOKMARK [1][-]{section.15.2}{\376\377\000J\000u\000s\000t\000i\000f\000i\000c\000a\000c\000i\000\363\000n}{chapter.15}% 135
\BOOKMARK [1][-]{section.15.3}{\376\377\000F\000o\000r\000m\000a\000t\000o}{chapter.15}% 136
\BOOKMARK [1][-]{section.15.4}{\376\377\000O\000r\000i\000e\000n\000t\000a\000c\000i\000o\000n\000e\000s\000\040\000s\000o\000b\000r\000e\000\040\000e\000v\000a\000l\000u\000a\000c\000i\000\363\000n}{chapter.15}% 137
